2017-05-19 20:07:44.254859: W tensorflow/core/platform/cpu_feature_guard.cc:45] The TensorFlow library wasn't compiled to use SSE4.1 instructions, but these are available on your machine and could speed up CPU computations.
2017-05-19 20:07:44.254889: W tensorflow/core/platform/cpu_feature_guard.cc:45] The TensorFlow library wasn't compiled to use SSE4.2 instructions, but these are available on your machine and could speed up CPU computations.
2017-05-19 20:07:44.254897: W tensorflow/core/platform/cpu_feature_guard.cc:45] The TensorFlow library wasn't compiled to use AVX instructions, but these are available on your machine and could speed up CPU computations.
2017-05-19 20:07:44.254903: W tensorflow/core/platform/cpu_feature_guard.cc:45] The TensorFlow library wasn't compiled to use AVX2 instructions, but these are available on your machine and could speed up CPU computations.
2017-05-19 20:07:44.254908: W tensorflow/core/platform/cpu_feature_guard.cc:45] The TensorFlow library wasn't compiled to use FMA instructions, but these are available on your machine and could speed up CPU computations.
2017-05-19 20:07:44.753140: I tensorflow/core/common_runtime/gpu/gpu_device.cc:887] Found device 0 with properties: 
name: Tesla P100-PCIE-16GB
major: 6 minor: 0 memoryClockRate (GHz) 1.3285
pciBusID 0000:02:00.0
Total memory: 15.89GiB
Free memory: 15.61GiB
2017-05-19 20:07:44.753248: W tensorflow/stream_executor/cuda/cuda_driver.cc:485] creating context when one is currently active; existing: 0x3dd0c00
2017-05-19 20:07:45.170868: I tensorflow/core/common_runtime/gpu/gpu_device.cc:887] Found device 1 with properties: 
name: Tesla P100-PCIE-16GB
major: 6 minor: 0 memoryClockRate (GHz) 1.3285
pciBusID 0000:82:00.0
Total memory: 15.89GiB
Free memory: 15.61GiB
2017-05-19 20:07:45.170989: I tensorflow/core/common_runtime/gpu/gpu_device.cc:779] Peer access not supported between device ordinals 0 and 1
2017-05-19 20:07:45.171004: I tensorflow/core/common_runtime/gpu/gpu_device.cc:779] Peer access not supported between device ordinals 1 and 0
2017-05-19 20:07:45.171021: I tensorflow/core/common_runtime/gpu/gpu_device.cc:908] DMA: 0 1 
2017-05-19 20:07:45.171029: I tensorflow/core/common_runtime/gpu/gpu_device.cc:918] 0:   Y N 
2017-05-19 20:07:45.171034: I tensorflow/core/common_runtime/gpu/gpu_device.cc:918] 1:   N Y 
2017-05-19 20:07:45.171051: I tensorflow/core/common_runtime/gpu/gpu_device.cc:977] Creating TensorFlow device (/gpu:0) -> (device: 0, name: Tesla P100-PCIE-16GB, pci bus id: 0000:02:00.0)
2017-05-19 20:07:45.171059: I tensorflow/core/common_runtime/gpu/gpu_device.cc:977] Creating TensorFlow device (/gpu:1) -> (device: 1, name: Tesla P100-PCIE-16GB, pci bus id: 0000:82:00.0)
